<?xml version="1.0" encoding="UTF-8"?>
<!-- Generated by org.testng.reporters.JUnitXMLReporter -->
<testsuite hostname="ANITSARKERGAME" ignored="0" name="Default test" tests="4" failures="0" timestamp="27 May 2021 23:49:40 GMT" time="15.364" errors="0">
  <testcase name="setUp" time="3.665" classname="SeleniumGridTest.GridTest"/>
  <testcase name="setUp1" time="3.046" classname="SeleniumGridTest.GridTest"/>
  <testcase name="setUp2" time="4.988" classname="SeleniumGridTest.GridTest"/>
  <testcase name="setUp3" time="3.642" classname="SeleniumGridTest.GridTest"/>
</testsuite> <!-- Default test -->
