<?xml version="1.0" encoding="UTF-8"?>
<!-- Generated by org.testng.reporters.JUnitXMLReporter -->
<testsuite hostname="ANITSARKERGAME" ignored="0" name="Test" tests="4" failures="0" timestamp="27 May 2021 23:50:32 GMT" time="6.793" errors="0">
  <testcase name="setUp1" time="4.015" classname="SeleniumGridTest.GridTest"/>
  <testcase name="setUp" time="4.041" classname="SeleniumGridTest.GridTest"/>
  <testcase name="setUp3" time="5.14" classname="SeleniumGridTest.GridTest"/>
  <testcase name="setUp2" time="6.771" classname="SeleniumGridTest.GridTest"/>
</testsuite> <!-- Test -->
