<?xml version="1.0" encoding="UTF-8"?>
<!-- Generated by org.testng.reporters.JUnitXMLReporter -->
<testsuite hostname="ANITSARKERGAME" name="Test" tests="10" failures="0" timestamp="20 Mar 2021 03:59:42 GMT" time="49.868" errors="0">
  <testcase name="test1" time="21.705" classname="testNgPractice.webTest"/>
  <testcase name="test1" time="24.371" classname="testNgPractice.webTest"/>
  <testcase name="test1" time="1.1" classname="testNgPractice.webTest"/>
  <testcase name="test1" time="0.286" classname="testNgPractice.webTest"/>
  <testcase name="test1" time="0.219" classname="testNgPractice.webTest"/>
  <testcase name="test1" time="0.219" classname="testNgPractice.webTest"/>
  <testcase name="test1" time="0.276" classname="testNgPractice.webTest"/>
  <testcase name="test1" time="1.139" classname="testNgPractice.webTest"/>
  <testcase name="test1" time="0.235" classname="testNgPractice.webTest"/>
  <testcase name="test1" time="0.285" classname="testNgPractice.webTest"/>
</testsuite> <!-- Test -->
