<?xml version="1.0" encoding="UTF-8"?>
<!-- Generated by org.testng.reporters.JUnitXMLReporter -->
<testsuite hostname="ANITSARKERGAME" name="Default test" tests="3" failures="0" timestamp="20 Mar 2021 03:19:28 GMT" time="0.027" errors="0">
  <testcase name="functionTest" time="0.009" classname="testNgPractice.testDataProvider"/>
  <testcase name="functionTest" time="0.002" classname="testNgPractice.testDataProvider"/>
  <testcase name="functionTest" time="0.001" classname="testNgPractice.testDataProvider"/>
</testsuite> <!-- Default test -->
