<?xml version="1.0" encoding="UTF-8"?>
<testng-results skipped="0" failed="0" total="10" passed="10">
  <reporter-output>
  </reporter-output>
  <suite name="Suite" duration-ms="49868" started-at="2021-03-20T03:58:52Z" finished-at="2021-03-20T03:59:42Z">
    <groups>
    </groups>
    <test name="Test" duration-ms="49868" started-at="2021-03-20T03:58:52Z" finished-at="2021-03-20T03:59:42Z">
      <class name="testNgPractice.webTest">
        <test-method status="PASS" signature="test1()[pri:0, instance:testNgPractice.webTest@1700915]" name="test1" duration-ms="21705" started-at="2021-03-20T09:28:52Z" finished-at="2021-03-20T09:29:14Z">
          <reporter-output>
          </reporter-output>
        </test-method> <!-- test1 -->
        <test-method status="PASS" signature="test1()[pri:0, instance:testNgPractice.webTest@1ddf84b8]" name="test1" duration-ms="24371" started-at="2021-03-20T09:29:14Z" finished-at="2021-03-20T09:29:38Z">
          <reporter-output>
          </reporter-output>
        </test-method> <!-- test1 -->
        <test-method status="PASS" signature="test1()[pri:0, instance:testNgPractice.webTest@21de60b4]" name="test1" duration-ms="1100" started-at="2021-03-20T09:29:38Z" finished-at="2021-03-20T09:29:39Z">
          <reporter-output>
          </reporter-output>
        </test-method> <!-- test1 -->
        <test-method status="PASS" signature="test1()[pri:0, instance:testNgPractice.webTest@30ee2816]" name="test1" duration-ms="286" started-at="2021-03-20T09:29:39Z" finished-at="2021-03-20T09:29:40Z">
          <reporter-output>
          </reporter-output>
        </test-method> <!-- test1 -->
        <test-method status="PASS" signature="test1()[pri:0, instance:testNgPractice.webTest@31d7b7bf]" name="test1" duration-ms="219" started-at="2021-03-20T09:29:40Z" finished-at="2021-03-20T09:29:40Z">
          <reporter-output>
          </reporter-output>
        </test-method> <!-- test1 -->
        <test-method status="PASS" signature="test1()[pri:0, instance:testNgPractice.webTest@48ae9b55]" name="test1" duration-ms="219" started-at="2021-03-20T09:29:40Z" finished-at="2021-03-20T09:29:40Z">
          <reporter-output>
          </reporter-output>
        </test-method> <!-- test1 -->
        <test-method status="PASS" signature="test1()[pri:0, instance:testNgPractice.webTest@5c30a9b0]" name="test1" duration-ms="276" started-at="2021-03-20T09:29:40Z" finished-at="2021-03-20T09:29:40Z">
          <reporter-output>
          </reporter-output>
        </test-method> <!-- test1 -->
        <test-method status="PASS" signature="test1()[pri:0, instance:testNgPractice.webTest@635eaaf1]" name="test1" duration-ms="1139" started-at="2021-03-20T09:29:40Z" finished-at="2021-03-20T09:29:42Z">
          <reporter-output>
          </reporter-output>
        </test-method> <!-- test1 -->
        <test-method status="PASS" signature="test1()[pri:0, instance:testNgPractice.webTest@6a28ffa4]" name="test1" duration-ms="235" started-at="2021-03-20T09:29:42Z" finished-at="2021-03-20T09:29:42Z">
          <reporter-output>
          </reporter-output>
        </test-method> <!-- test1 -->
        <test-method status="PASS" signature="test1()[pri:0, instance:testNgPractice.webTest@c267ef4]" name="test1" duration-ms="285" started-at="2021-03-20T09:29:42Z" finished-at="2021-03-20T09:29:42Z">
          <reporter-output>
          </reporter-output>
        </test-method> <!-- test1 -->
      </class> <!-- testNgPractice.webTest -->
    </test> <!-- Test -->
  </suite> <!-- Suite -->
</testng-results>
